{
  "RSpec": {
    "coverage": {
      "/Users/apprentice/Desktop/hn_clone/hn_clone/app/controllers/application_controller.rb": [
        1,
        1,
        1,
        null,
        1,
        null,
        1,
        13,
        null,
        null
      ],
      "/Users/apprentice/Desktop/hn_clone/hn_clone/app/helpers/application_helper.rb": [
        1,
        null
      ],
      "/Users/apprentice/Desktop/hn_clone/hn_clone/app/controllers/posts_controller.rb": [
        1,
        null,
        1,
        null,
        null,
        null
      ],
      "/Users/apprentice/Desktop/hn_clone/hn_clone/app/controllers/sessions_controller.rb": [
        1,
        1,
        2,
        null,
        null,
        1,
        2,
        2,
        2,
        2,
        null,
        0,
        null,
        null,
        null,
        1,
        1,
        1,
        null,
        null
      ],
      "/Users/apprentice/Desktop/hn_clone/hn_clone/app/controllers/users_controller.rb": [
        1,
        1,
        null,
        null,
        1,
        null,
        null,
        1,
        1,
        null,
        null,
        1,
        1,
        1,
        1,
        1,
        null,
        0,
        null,
        null,
        null
      ],
      "/Users/apprentice/Desktop/hn_clone/hn_clone/app/models/user.rb": [
        1,
        1,
        null,
        1,
        null,
        1,
        1,
        null
      ]
    },
    "timestamp": 1378002216
  }
}
