{
  "RSpec": {
    "coverage": {
      "/Users/nedkaida-yip/Desktop/programs/phase3/week1/slacker/app/controllers/application_controller.rb": [
        1,
        1,
        1,
        null,
        1,
        null,
        1,
        27,
        null,
        null
      ],
      "/Users/nedkaida-yip/Desktop/programs/phase3/week1/slacker/app/helpers/application_helper.rb": [
        1,
        null
      ],
      "/Users/nedkaida-yip/Desktop/programs/phase3/week1/slacker/app/controllers/comments_controller.rb": [
        1,
        null,
        1,
        1,
        1,
        1,
        1,
        null,
        null
      ],
      "/Users/nedkaida-yip/Desktop/programs/phase3/week1/slacker/app/models/comment.rb": [
        1,
        1,
        1,
        null,
        1,
        null
      ],
      "/Users/nedkaida-yip/Desktop/programs/phase3/week1/slacker/app/controllers/posts_controller.rb": [
        1,
        null,
        1,
        null,
        null,
        1,
        3,
        3,
        null,
        null,
        1,
        1,
        null,
        null,
        1,
        1,
        1,
        null,
        null,
        null
      ],
      "/Users/nedkaida-yip/Desktop/programs/phase3/week1/slacker/app/models/post.rb": [
        1,
        1,
        1,
        1,
        1,
        null,
        1,
        1,
        null,
        1,
        null,
        1,
        null,
        1,
        1,
        null,
        null,
        1,
        null,
        1,
        2,
        2,
        4,
        null,
        null,
        null,
        null
      ],
      "/Users/nedkaida-yip/Desktop/programs/phase3/week1/slacker/app/controllers/sessions_controller.rb": [
        1,
        1,
        4,
        null,
        null,
        1,
        4,
        4,
        4,
        4,
        null,
        0,
        null,
        null,
        null,
        1,
        1,
        1,
        null,
        null
      ],
      "/Users/nedkaida-yip/Desktop/programs/phase3/week1/slacker/app/controllers/users_controller.rb": [
        1,
        1,
        null,
        null,
        1,
        null,
        null,
        1,
        1,
        null,
        null,
        1,
        1,
        1,
        1,
        1,
        null,
        0,
        null,
        null,
        null
      ],
      "/Users/nedkaida-yip/Desktop/programs/phase3/week1/slacker/app/models/user.rb": [
        1,
        1,
        null,
        1,
        1,
        null,
        1,
        null,
        1,
        1,
        null
      ],
      "/Users/nedkaida-yip/Desktop/programs/phase3/week1/slacker/app/models/tag.rb": [
        1,
        1,
        1,
        null,
        1,
        null,
        1,
        null
      ],
      "/Users/nedkaida-yip/Desktop/programs/phase3/week1/slacker/app/models/tagging.rb": [
        1,
        1,
        1,
        null
      ]
    },
    "timestamp": 1378088483
  }
}
